2023.07.18 10:55:07 INFO  Started: Metals version 0.11.12 in workspace '/Users/liamstevenson/Projects/remora' for client Visual Studio Code 1.80.1.
Jul 18, 2023 10:55:07 AM org.flywaydb.core.internal.license.VersionPrinter printVersionOnly
INFO: Flyway Community Edition 9.16.3 by Redgate
Jul 18, 2023 10:55:07 AM org.flywaydb.core.internal.license.VersionPrinter printVersion
INFO: See release notes here: https://rd.gt/416ObMi
Jul 18, 2023 10:55:07 AM org.flywaydb.core.internal.license.VersionPrinter printVersion
INFO: 
Jul 18, 2023 10:55:07 AM org.flywaydb.core.internal.database.base.BaseDatabaseType createDatabase
INFO: Database: jdbc:h2:file:/Users/liamstevenson/Projects/remora/.metals/metals (H2 2.1)
Jul 18, 2023 10:55:07 AM org.flywaydb.core.internal.schemahistory.JdbcTableSchemaHistory allAppliedMigrations
INFO: Schema history table "PUBLIC"."flyway_schema_history" does not exist yet
Jul 18, 2023 10:55:07 AM org.flywaydb.core.internal.command.DbValidate validate
INFO: Successfully validated 4 migrations (execution time 00:00.015s)
Jul 18, 2023 10:55:07 AM org.flywaydb.core.internal.schemahistory.JdbcTableSchemaHistory create
INFO: Creating Schema History table "PUBLIC"."flyway_schema_history" ...
Jul 18, 2023 10:55:07 AM org.flywaydb.core.internal.command.DbMigrate migrateGroup
INFO: Current version of schema "PUBLIC": << Empty Schema >>
Jul 18, 2023 10:55:07 AM org.flywaydb.core.internal.command.DbMigrate doMigrateGroup
INFO: Migrating schema "PUBLIC" to version "1 - Create tables"
Jul 18, 2023 10:55:07 AM org.flywaydb.core.internal.command.DbMigrate doMigrateGroup
INFO: Migrating schema "PUBLIC" to version "2 - Server discovery"
Jul 18, 2023 10:55:07 AM org.flywaydb.core.internal.command.DbMigrate doMigrateGroup
INFO: Migrating schema "PUBLIC" to version "3 - Jar symbols"
Jul 18, 2023 10:55:07 AM org.flywaydb.core.internal.command.DbMigrate doMigrateGroup
INFO: Migrating schema "PUBLIC" to version "4 - Fingerprints"
Jul 18, 2023 10:55:07 AM org.flywaydb.core.internal.command.DbMigrate logSummary
INFO: Successfully applied 4 migrations to schema "PUBLIC", now at version v4 (execution time 00:00.051s)
2023.07.18 10:55:07 INFO  time: initialize in 0.55s
2023.07.18 10:55:10 WARN  Build server is not auto-connectable.
2023.07.18 10:55:10 WARN  no build tool detected in workspace '/Users/liamstevenson/Projects/remora'. The most common cause for this problem is that the editor was opened in the wrong working directory, for example if you use sbt then the workspace directory should contain build.sbt. 
Jul 18, 2023 10:57:10 AM org.eclipse.lsp4j.jsonrpc.services.GenericEndpoint notify
INFO: Unsupported notification method: $/setTrace
Jul 18, 2023 10:57:32 AM org.eclipse.lsp4j.jsonrpc.services.GenericEndpoint notify
INFO: Unsupported notification method: $/setTrace
Jul 18, 2023 10:57:57 AM org.eclipse.lsp4j.jsonrpc.services.GenericEndpoint notify
INFO: Unsupported notification method: $/setTrace
Jul 18, 2023 10:58:13 AM org.eclipse.lsp4j.jsonrpc.services.GenericEndpoint notify
INFO: Unsupported notification method: $/setTrace
Jul 18, 2023 11:07:34 AM org.eclipse.lsp4j.jsonrpc.services.GenericEndpoint notify
INFO: Unsupported notification method: $/setTrace
2023.07.18 11:08:45 INFO  Shutting down server
2023.07.18 11:08:45 INFO  shutting down Metals
2023.07.18 11:08:45 INFO  Exiting server
